0 info it worked if it ends with ok
1 verbose cli [ '/usr/local/bin/node',
1 verbose cli   '/usr/local/bin/npm',
1 verbose cli   'install',
1 verbose cli   '-g',
1 verbose cli   'yuidoc' ]
2 info using npm@1.2.18
3 info using node@v0.10.5
4 verbose read json /usr/local/lib/package.json
5 verbose read json /usr/local/lib/package.json
6 verbose cache add [ 'yuidoc', null ]
7 verbose cache add name=undefined spec="yuidoc" args=["yuidoc",null]
8 verbose parsed url { protocol: null,
8 verbose parsed url   slashes: null,
8 verbose parsed url   auth: null,
8 verbose parsed url   host: null,
8 verbose parsed url   port: null,
8 verbose parsed url   hostname: null,
8 verbose parsed url   hash: null,
8 verbose parsed url   search: null,
8 verbose parsed url   query: null,
8 verbose parsed url   pathname: 'yuidoc',
8 verbose parsed url   path: 'yuidoc',
8 verbose parsed url   href: 'yuidoc' }
9 silly lockFile 093afba7-yuidoc yuidoc
10 verbose lock yuidoc /home/suches/.npm/093afba7-yuidoc.lock
11 silly lockFile 093afba7-yuidoc yuidoc
12 silly lockFile 093afba7-yuidoc yuidoc
13 verbose addNamed [ 'yuidoc', '' ]
14 verbose addNamed [ null, '' ]
15 silly lockFile 300883d3-yuidoc yuidoc@
16 verbose lock yuidoc@ /home/suches/.npm/300883d3-yuidoc.lock
17 silly addNameRange { name: 'yuidoc', range: '', hasData: false }
18 verbose url raw yuidoc
19 verbose url resolving [ 'https://registry.npmjs.org/', './yuidoc' ]
20 verbose url resolved https://registry.npmjs.org/yuidoc
21 info trying registry request attempt 1 at 21:20:04
22 http GET https://registry.npmjs.org/yuidoc
23 http 404 https://registry.npmjs.org/yuidoc
24 silly registry.get cb [ 404,
24 silly registry.get   { server: 'CouchDB/1.3.0 (Erlang OTP/R15B03)',
24 silly registry.get     date: 'Sun, 02 Jun 2013 13:20:06 GMT',
24 silly registry.get     'content-type': 'application/json',
24 silly registry.get     'content-length': '52',
24 silly registry.get     'cache-control': 'must-revalidate' } ]
25 silly lockFile 300883d3-yuidoc yuidoc@
26 silly lockFile 300883d3-yuidoc yuidoc@
27 error 404 'yuidoc' is not in the npm registry.
27 error 404 You should bug the author to publish it
27 error 404
27 error 404 Note that you can also install from a
27 error 404 tarball, folder, or http url, or git url.
28 error System Linux 3.8.0-19-generic
29 error command "/usr/local/bin/node" "/usr/local/bin/npm" "install" "-g" "yuidoc"
30 error cwd /home/suches/udocs/website/git.me.btbtd.org/webroot/ignore/360UXC_dev/docs/tools
31 error node -v v0.10.5
32 error npm -v 1.2.18
33 error code E404
34 verbose exit [ 1, true ]
